<?xml version="1.0" encoding="UTF-8"?>
<testng-results skipped="0" failed="0" ignored="0" total="2" passed="2">
  <reporter-output>
  </reporter-output>
  <suite name="Default suite" duration-ms="26901" started-at="2020-03-12T23:36:20 IST" finished-at="2020-03-12T23:36:47 IST">
    <groups>
    </groups>
    <test name="Default test" duration-ms="26901" started-at="2020-03-12T23:36:20 IST" finished-at="2020-03-12T23:36:47 IST">
      <class name="TestNGpkg.BeforeMethodeEx">
        <test-method status="PASS" signature="setup()[pri:0, instance:TestNGpkg.BeforeMethodeEx@2d6eabae]" name="setup" is-config="true" duration-ms="15603" started-at="2020-03-12T23:36:21 IST" finished-at="2020-03-12T23:36:36 IST">
          <reporter-output>
          </reporter-output>
        </test-method> <!-- setup -->
        <test-method status="PASS" signature="methode1()[pri:0, instance:TestNGpkg.BeforeMethodeEx@2d6eabae]" name="methode1" duration-ms="13" started-at="2020-03-12T23:36:36 IST" finished-at="2020-03-12T23:36:36 IST">
          <reporter-output>
          </reporter-output>
        </test-method> <!-- methode1 -->
        <test-method status="PASS" signature="shetdown()[pri:0, instance:TestNGpkg.BeforeMethodeEx@2d6eabae]" name="shetdown" is-config="true" duration-ms="0" started-at="2020-03-12T23:36:36 IST" finished-at="2020-03-12T23:36:36 IST">
          <reporter-output>
          </reporter-output>
        </test-method> <!-- shetdown -->
        <test-method status="PASS" signature="setup()[pri:0, instance:TestNGpkg.BeforeMethodeEx@2d6eabae]" name="setup" is-config="true" duration-ms="11202" started-at="2020-03-12T23:36:36 IST" finished-at="2020-03-12T23:36:47 IST">
          <reporter-output>
          </reporter-output>
        </test-method> <!-- setup -->
        <test-method status="PASS" signature="methode2()[pri:0, instance:TestNGpkg.BeforeMethodeEx@2d6eabae]" name="methode2" duration-ms="5" started-at="2020-03-12T23:36:47 IST" finished-at="2020-03-12T23:36:47 IST">
          <reporter-output>
          </reporter-output>
        </test-method> <!-- methode2 -->
        <test-method status="PASS" signature="shetdown()[pri:0, instance:TestNGpkg.BeforeMethodeEx@2d6eabae]" name="shetdown" is-config="true" duration-ms="4" started-at="2020-03-12T23:36:47 IST" finished-at="2020-03-12T23:36:47 IST">
          <reporter-output>
          </reporter-output>
        </test-method> <!-- shetdown -->
      </class> <!-- TestNGpkg.BeforeMethodeEx -->
    </test> <!-- Default test -->
  </suite> <!-- Default suite -->
</testng-results>
