<?xml version="1.0" encoding="UTF-8"?>
<!-- Generated by org.testng.reporters.JUnitXMLReporter -->
<testsuite hostname="DESKTOP-5E28TIH" ignored="0" name="Test" tests="4" failures="0" timestamp="2019-11-22T15:51:16 IST" time="0.08" errors="0">
  <testcase name="methode2" time="0.011" classname="AA.EX1"/>
  <testcase name="ab_method" time="0.002" classname="AA.Ex3"/>
  <testcase name="ad_method" time="0.001" classname="AA.Ex3"/>
  <testcase name="ac_method" time="0.006" classname="AA.Ex3"/>
</testsuite> <!-- Test -->
